0 info it worked if it ends with ok
1 verbose cli [ '/home/apple/.nvm/versions/node/v6.9.0/bin/node',
1 verbose cli   '/home/apple/.nvm/versions/node/v6.9.0/bin/npm',
1 verbose cli   'run',
1 verbose cli   'build' ]
2 info using npm@3.10.8
3 info using node@v6.9.0
4 verbose stack Error: ENOENT: no such file or directory, open '/media/apple/f50223eb-8502-4183-93ad-3e6be8fce2e0/work/alexander/Taopeople/package.json'
4 verbose stack     at Error (native)
5 verbose cwd /media/apple/f50223eb-8502-4183-93ad-3e6be8fce2e0/work/alexander/Taopeople
6 error Linux 4.2.0-42-generic
7 error argv "/home/apple/.nvm/versions/node/v6.9.0/bin/node" "/home/apple/.nvm/versions/node/v6.9.0/bin/npm" "run" "build"
8 error node v6.9.0
9 error npm  v3.10.8
10 error path /media/apple/f50223eb-8502-4183-93ad-3e6be8fce2e0/work/alexander/Taopeople/package.json
11 error code ENOENT
12 error errno -2
13 error syscall open
14 error enoent ENOENT: no such file or directory, open '/media/apple/f50223eb-8502-4183-93ad-3e6be8fce2e0/work/alexander/Taopeople/package.json'
15 error enoent ENOENT: no such file or directory, open '/media/apple/f50223eb-8502-4183-93ad-3e6be8fce2e0/work/alexander/Taopeople/package.json'
15 error enoent This is most likely not a problem with npm itself
15 error enoent and is related to npm not being able to find a file.
16 verbose exit [ -2, true ]
